Flow report for sketch
Sun Nov 25 21:20:39 2012
Quartus II 64-Bit Version 11.1 Build 259 01/25/2012 Service Pack 2.11 SJ Full Version


---------------------
; Table of Contents ;
---------------------
  1. Legal Notice
  2. Flow Summary
  3. Flow Settings
  4. Flow Non-Default Global Settings
  5. Flow Elapsed Time
  6. Flow OS Summary
  7. Flow Log



----------------
; Legal Notice ;
----------------
Copyright (C) 1991-2011 Altera Corporation
Your use of Altera Corporation's design tools, logic functions 
and other software and tools, and its AMPP partner logic 
functions, and any output files from any of the foregoing 
(including device programming or simulation files), and any 
associated documentation or information are expressly subject 
to the terms and conditions of the Altera Program License 
Subscription Agreement, Altera MegaCore Function License 
Agreement, or other applicable license agreement, including, 
without limitation, that your use is for the sole purpose of 
programming logic devices manufactured by Altera and sold by 
Altera or its authorized distributors.  Please refer to the 
applicable agreement for further details.



+----------------------------------------------------------------------------------------+
; Flow Summary                                                                           ;
+------------------------------------+---------------------------------------------------+
; Flow Status                        ; Successful - Sun Nov 25 21:20:28 2012             ;
; Quartus II 64-Bit Version          ; 11.1 Build 259 01/25/2012 SP 2.11 SJ Full Version ;
; Revision Name                      ; sketch                                            ;
; Top-level Entity Name              ; sketch                                            ;
; Family                             ; Cyclone II                                        ;
; Device                             ; EP2C35F672C6                                      ;
; Timing Models                      ; Final                                             ;
; Total logic elements               ; 984 / 33,216 ( 3 % )                              ;
;     Total combinational functions  ; 980 / 33,216 ( 3 % )                              ;
;     Dedicated logic registers      ; 187 / 33,216 ( < 1 % )                            ;
; Total registers                    ; 187                                               ;
; Total pins                         ; 104 / 475 ( 22 % )                                ;
; Total virtual pins                 ; 0                                                 ;
; Total memory bits                  ; 58,368 / 483,840 ( 12 % )                         ;
; Embedded Multiplier 9-bit elements ; 0 / 70 ( 0 % )                                    ;
; Total PLLs                         ; 1 / 4 ( 25 % )                                    ;
+------------------------------------+---------------------------------------------------+


+-----------------------------------------+
; Flow Settings                           ;
+-------------------+---------------------+
; Option            ; Setting             ;
+-------------------+---------------------+
; Start date & time ; 11/25/2012 21:19:28 ;
; Main task         ; Compilation         ;
; Revision Name     ; sketch              ;
+-------------------+---------------------+


+-----------------------------------------------------------------------------------------------------------------------------------------------------------+
; Flow Non-Default Global Settings                                                                                                                          ;
+-------------------------------------+--------------------------------------------------------------------------+---------------+-------------+------------+
; Assignment Name                     ; Value                                                                    ; Default Value ; Entity Name ; Section Id ;
+-------------------------------------+--------------------------------------------------------------------------+---------------+-------------+------------+
; COMPILER_SIGNATURE_ID               ; 102228232087003.135389636704340                                          ; --            ; --          ; --         ;
; ENABLE_CLOCK_LATENCY                ; On                                                                       ; Off           ; --          ; --         ;
; IP_TOOL_NAME                        ; ROM: 1-PORT                                                              ; --            ; --          ; --         ;
; IP_TOOL_NAME                        ; ROM: 1-PORT                                                              ; --            ; --          ; --         ;
; IP_TOOL_NAME                        ; ROM: 1-PORT                                                              ; --            ; --          ; --         ;
; IP_TOOL_VERSION                     ; 11.1                                                                     ; --            ; --          ; --         ;
; IP_TOOL_VERSION                     ; 11.1                                                                     ; --            ; --          ; --         ;
; IP_TOOL_VERSION                     ; 11.1                                                                     ; --            ; --          ; --         ;
; MAX_CORE_JUNCTION_TEMP              ; 85                                                                       ; --            ; --          ; --         ;
; MIN_CORE_JUNCTION_TEMP              ; 0                                                                        ; --            ; --          ; --         ;
; MISC_FILE                           ; //ECFPC8/Homes.new$/hossei50/Desktop/Lab7_starterkit/part2/drawer_bb.v   ; --            ; --          ; --         ;
; MISC_FILE                           ; //ECFPC8/Homes.new$/hossei50/Desktop/Lab7_starterkit/part2/back_bb.v     ; --            ; --          ; --         ;
; MISC_FILE                           ; //ECFPC8/Homes.new$/hossei50/Desktop/Lab7_starterkit/part2/gameover_bb.v ; --            ; --          ; --         ;
; PARTITION_COLOR                     ; 16764057                                                                 ; --            ; --          ; Top        ;
; PARTITION_FITTER_PRESERVATION_LEVEL ; PLACEMENT_AND_ROUTING                                                    ; --            ; --          ; Top        ;
; PARTITION_NETLIST_TYPE              ; SOURCE                                                                   ; --            ; --          ; Top        ;
; POWER_BOARD_THERMAL_MODEL           ; None (CONSERVATIVE)                                                      ; --            ; --          ; --         ;
; POWER_PRESET_COOLING_SOLUTION       ; 23 MM HEAT SINK WITH 200 LFPM AIRFLOW                                    ; --            ; --          ; --         ;
; REPORT_IO_PATHS_SEPARATELY          ; On                                                                       ; Off           ; --          ; --         ;
; STATE_MACHINE_PROCESSING            ; User-Encoded                                                             ; Auto          ; --          ; --         ;
+-------------------------------------+--------------------------------------------------------------------------+---------------+-------------+------------+


+-------------------------------------------------------------------------------------------------------------------------------+
; Flow Elapsed Time                                                                                                             ;
+---------------------------+--------------+-------------------------+---------------------+------------------------------------+
; Module Name               ; Elapsed Time ; Average Processors Used ; Peak Virtual Memory ; Total CPU Time (on all processors) ;
+---------------------------+--------------+-------------------------+---------------------+------------------------------------+
; Analysis & Synthesis      ; 00:00:32     ; 1.0                     ; 403 MB              ; 00:00:09                           ;
; Fitter                    ; 00:00:13     ; 1.8                     ; 564 MB              ; 00:00:07                           ;
; Assembler                 ; 00:00:05     ; 1.0                     ; 418 MB              ; 00:00:02                           ;
; TimeQuest Timing Analyzer ; 00:00:16     ; 1.6                     ; 438 MB              ; 00:00:04                           ;
; Total                     ; 00:01:06     ; --                      ; --                  ; 00:00:22                           ;
+---------------------------+--------------+-------------------------+---------------------+------------------------------------+


+----------------------------------------------------------------------------------------+
; Flow OS Summary                                                                        ;
+---------------------------+------------------+-----------+------------+----------------+
; Module Name               ; Machine Hostname ; OS Name   ; OS Version ; Processor type ;
+---------------------------+------------------+-----------+------------+----------------+
; Analysis & Synthesis      ; BA3128WS35       ; Windows 7 ; 6.1        ; x86_64         ;
; Fitter                    ; BA3128WS35       ; Windows 7 ; 6.1        ; x86_64         ;
; Assembler                 ; BA3128WS35       ; Windows 7 ; 6.1        ; x86_64         ;
; TimeQuest Timing Analyzer ; BA3128WS35       ; Windows 7 ; 6.1        ; x86_64         ;
+---------------------------+------------------+-----------+------------+----------------+


------------
; Flow Log ;
------------
quartus_map --read_settings_files=on --write_settings_files=off sketch -c sketch
quartus_fit --read_settings_files=off --write_settings_files=off sketch -c sketch
quartus_asm --read_settings_files=off --write_settings_files=off sketch -c sketch
quartus_sta sketch -c sketch



